
> @ watch-poll /home/vagrant/Code/sample
> npm run watch -- --watch-poll


> @ watch /home/vagrant/Code/sample
> cross-env NODE_ENV=development node_modules/webpack/bin/webpack.js --watch --progress --hide-modules --config=node_modules/laravel-mix/setup/webpack.config.js "--watch-poll"

sh: 1: cross-env: not found

npm ERR! Linux 4.4.0-81-generic
npm ERR! argv "/usr/bin/nodejs" "/usr/bin/npm" "run" "watch" "--" "--watch-poll"
npm ERR! node v6.11.1
npm ERR! npm  v3.10.10
npm ERR! file sh
npm ERR! code ELIFECYCLE
npm ERR! errno ENOENT
npm ERR! syscall spawn
npm ERR! @ watch: `cross-env NODE_ENV=development node_modules/webpack/bin/webpack.js --watch --progress --hide-modules --config=node_modules/laravel-mix/setup/webpack.config.js "--watch-poll"`
npm ERR! spawn ENOENT
npm ERR! 
npm ERR! Failed at the @ watch script 'cross-env NODE_ENV=development node_modules/webpack/bin/webpack.js --watch --progress --hide-modules --config=node_modules/laravel-mix/setup/webpack.config.js "--watch-poll"'.
npm ERR! Make sure you have the latest version of node.js and npm installed.
npm ERR! If you do, this is most likely a problem with the  package,
npm ERR! not with npm itself.
npm ERR! Tell the author that this fails on your system:
npm ERR!     cross-env NODE_ENV=development node_modules/webpack/bin/webpack.js --watch --progress --hide-modules --config=node_modules/laravel-mix/setup/webpack.config.js "--watch-poll"
npm ERR! You can get information on how to open an issue for this project with:
npm ERR!     npm bugs 
npm ERR! Or if that isn't available, you can get their info via:
npm ERR!     npm owner ls 
npm ERR! There is likely additional logging output above.

npm ERR! Please include the following file with any support request:
npm ERR!     /home/vagrant/Code/sample/npm-debug.log

npm ERR! Linux 4.4.0-81-generic
npm ERR! argv "/usr/bin/nodejs" "/usr/bin/npm" "run" "watch-poll"
npm ERR! node v6.11.1
npm ERR! npm  v3.10.10
npm ERR! code ELIFECYCLE
npm ERR! @ watch-poll: `npm run watch -- --watch-poll`
npm ERR! Exit status 1
npm ERR! 
npm ERR! Failed at the @ watch-poll script 'npm run watch -- --watch-poll'.
npm ERR! Make sure you have the latest version of node.js and npm installed.
npm ERR! If you do, this is most likely a problem with the  package,
npm ERR! not with npm itself.
npm ERR! Tell the author that this fails on your system:
npm ERR!     npm run watch -- --watch-poll
npm ERR! You can get information on how to open an issue for this project with:
npm ERR!     npm bugs 
npm ERR! Or if that isn't available, you can get their info via:
npm ERR!     npm owner ls 
npm ERR! There is likely additional logging output above.

npm ERR! Please include the following file with any support request:
npm ERR!     /home/vagrant/Code/sample/resources/views/users/npm-debug.log
